<?xml version="1.0" encoding="UTF-8"?>
<testng-results skipped="0" failed="0" ignored="0" total="1" passed="1">
  <reporter-output>
  </reporter-output>
  <suite name="Default suite" duration-ms="2854" started-at="2019-11-21T10:06:03Z" finished-at="2019-11-21T10:06:06Z">
    <groups>
    </groups>
    <test name="Default test" duration-ms="2854" started-at="2019-11-21T10:06:03Z" finished-at="2019-11-21T10:06:06Z">
      <class name="com.test_project.Test_Get_RestAssured">
        <test-method status="PASS" signature="get()[pri:0, instance:com.test_project.Test_Get_RestAssured@d8355a8]" name="get" duration-ms="2773" started-at="2019-11-21T10:06:03Z" finished-at="2019-11-21T10:06:06Z">
          <reporter-output>
          </reporter-output>
        </test-method> <!-- get -->
      </class> <!-- com.test_project.Test_Get_RestAssured -->
    </test> <!-- Default test -->
  </suite> <!-- Default suite -->
</testng-results>
